\BOOKMARK [1][-]{Doc-Start}{\376\377\000Z\000a\000d\000\341\000n\000\355}{}% 1
\BOOKMARK [1][-]{Item.6}{\376\377\000\332\000k\000o\000l\000\040\0001\000\040\000-\000\040\000P\000o\000p\000i\000s\000\040\000a\000p\000a\000r\000a\000t\000u\000r\000y\000\040\000V\000i\000s\000h\000a\000y\000\040\000P\000-\0003\0005\0000\0000\000\040\000a\000\040\000j\000e\000j\000\355\000\040\000o\000b\000s\000h\000u\000h\000a}{}% 2
\BOOKMARK [2][-]{section*.1}{\376\377\000T\000e\000o\000r\000e\000t\000i\000c\000k\000\375\000\040\000r\000o\000z\000b\000o\000r}{Item.6}% 3
\BOOKMARK [2][-]{section*.1}{\376\377\000P\000o\000s\000t\000u\000p\000\040\000m\001\033\001\131\000e\000n\000\355}{Item.6}% 4
\BOOKMARK [2][-]{section*.1}{\376\377\000N\000a\000m\001\033\001\131\000e\000n\000\351\000\040\000h\000o\000d\000n\000o\000t\000y}{Item.6}% 5
\BOOKMARK [2][-]{section*.1}{\376\377\000Z\000p\000r\000a\000c\000o\000v\000a\000n\000\351\000\040\000v\000\375\000s\000l\000e\000d\000k\000y\000\040\000m\001\033\001\131\000e\000n\000\355}{Item.6}% 6
\BOOKMARK [2][-]{section*.1}{\376\377\000Z\000\341\000v\001\033\000r}{Item.6}% 7
\BOOKMARK [1][-]{section*.1}{\376\377\000\332\000k\000o\000l\000\040\0002\000\040\000-\000\040\000S\000o\000u\001\015\000i\000n\000i\000t\000e\000l\000e\000\040\000d\000e\000f\000o\000r\000m\000a\001\015\000n\000\355\000\040\000c\000i\000t\000l\000i\000v\000o\000s\000t\000i}{}% 8
\BOOKMARK [2][-]{section*.2}{\376\377\000T\000e\000o\000r\000e\000t\000i\000c\000k\000\375\000\040\000r\000o\000z\000b\000o\000r}{section*.1}% 9
\BOOKMARK [2][-]{equation.8}{\376\377\000P\000o\000s\000t\000u\000p\000\040\000m\001\033\001\131\000e\000n\000\355}{section*.1}% 10
\BOOKMARK [2][-]{equation.8}{\376\377\000N\000a\000m\001\033\001\131\000e\000n\000\351\000\040\000h\000o\000d\000n\000o\000t\000y}{section*.1}% 11
\BOOKMARK [2][-]{table.1}{\376\377\000Z\000p\000r\000a\000c\000o\000v\000a\000n\000\351\000\040\000v\000\375\000s\000l\000e\000d\000k\000y\000\040\000m\001\033\001\131\000e\000n\000\355}{section*.1}% 12
\BOOKMARK [2][-]{table.2}{\376\377\000Z\000\341\000v\001\033\000r}{section*.1}% 13
\BOOKMARK [1][-]{table.2}{\376\377\000\332\000k\000o\000l\000\040\0003\000\040\000-\000\040\000R\000e\000z\000o\000n\000a\000n\001\015\000n\000\355\000\040\000k\000m\000i\000t\000o\001\015\000t\000y\000\040\000m\000a\000l\000\375\000c\000h\000\040\000n\000o\000s\000n\000\355\001\015\000k\001\157}{}% 14
\BOOKMARK [2][-]{section*.3}{\376\377\000T\000e\000o\000r\000e\000t\000i\000c\000k\000\375\000\040\000r\000o\000z\000b\000o\000r}{table.2}% 15
\BOOKMARK [2][-]{section*.3}{\376\377\000P\000o\000s\000t\000u\000p\000\040\000m\001\033\001\131\000e\000n\000\355}{table.2}% 16
\BOOKMARK [2][-]{section*.3}{\376\377\000N\000a\000m\001\033\001\131\000e\000n\000\351\000\040\000h\000o\000d\000n\000o\000t\000y}{table.2}% 17
\BOOKMARK [2][-]{table.3}{\376\377\000Z\000p\000r\000a\000c\000o\000v\000a\000n\000\351\000\040\000v\000\375\000s\000l\000e\000d\000k\000y\000\040\000m\001\033\001\131\000e\000n\000\355}{table.2}% 18
\BOOKMARK [2][-]{table.3}{\376\377\000Z\000\341\000v\001\033\000r}{table.2}% 19
\BOOKMARK [1][-]{table.3}{\376\377\000\332\000k\000o\000l\000\040\0004\000\040\000-\000\040\000P\000a\000r\000a\000m\000e\000t\000r\000y\000\040\000v\000e\000l\000k\000\351\000h\000o\000\040\000n\000o\000s\000n\000\355\000k\000u}{}% 20
\BOOKMARK [2][-]{section*.4}{\376\377\000T\000e\000o\000r\000e\000t\000i\000c\000k\000\375\000\040\000r\000o\000z\000b\000o\000r}{table.3}% 21
\BOOKMARK [2][-]{equation.13}{\376\377\000P\000o\000s\000t\000u\000p\000\040\000m\001\033\001\131\000e\000n\000\355}{table.3}% 22
\BOOKMARK [2][-]{equation.13}{\376\377\000N\000a\000m\001\033\001\131\000e\000n\000\351\000\040\000h\000o\000d\000n\000o\000t\000y}{table.3}% 23
\BOOKMARK [2][-]{table.4}{\376\377\000Z\000p\000r\000a\000c\000o\000v\000a\000n\000\351\000\040\000v\000\375\000s\000l\000e\000d\000k\000y\000\040\000m\001\033\001\131\000e\000n\000\355}{table.3}% 24
\BOOKMARK [2][-]{table.5}{\376\377\000Z\000\341\000v\001\033\000r}{table.3}% 25
\BOOKMARK [1][-]{table.5}{\376\377\000\332\000k\000o\000l\000\040\0005\000\040\000-\000\040\000P\000a\000r\000a\000m\000e\000t\000r\000y\000\040\000v\000e\000l\000k\000\351\000h\000o\000\040\000n\000o\000s\000n\000\355\000k\000u\000,\000\040\000m\001\157\000s\000t\000k\000o\000v\000\341\000\040\000m\001\033\001\131\000e\000n\000\355}{}% 26
\BOOKMARK [2][-]{section*.5}{\376\377\000T\000e\000o\000r\000e\000t\000i\000c\000k\000\375\000\040\000r\000o\000z\000b\000o\000r}{table.5}% 27
\BOOKMARK [2][-]{section*.5}{\376\377\000P\000o\000s\000t\000u\000p\000\040\000m\001\033\001\131\000e\000n\000\355}{table.5}% 28
\BOOKMARK [2][-]{section*.5}{\376\377\000N\000a\000m\001\033\001\131\000e\000n\000\351\000\040\000h\000o\000d\000n\000o\000t\000y}{table.5}% 29
\BOOKMARK [2][-]{table.6}{\376\377\000Z\000p\000r\000a\000c\000o\000v\000a\000n\000\351\000\040\000v\000\375\000s\000l\000e\000d\000k\000y\000\040\000m\001\033\001\131\000e\000n\000\355}{table.5}% 30
\BOOKMARK [2][-]{table.10}{\376\377\000Z\000\341\000v\001\033\000r}{table.5}% 31
\BOOKMARK [1][-]{table.10}{\376\377\000\332\000k\000o\000l\000\040\0006\000\040\000-\000\040\000N\000e\000j\000i\000s\000t\000o\000t\000a\000\040\000v\000\375\000s\000t\000u\000p\000n\000\355\000h\000o\000\040\000n\000a\000p\001\033\000t\000\355}{}% 32
\BOOKMARK [2][-]{section*.6}{\376\377\000T\000e\000o\000r\000e\000t\000i\000c\000k\000\375\000\040\000r\000o\000z\000b\000o\000r}{table.10}% 33
\BOOKMARK [2][-]{equation.14}{\376\377\000P\000o\000s\000t\000u\000p\000\040\000m\001\033\001\131\000e\000n\000\355}{table.10}% 34
\BOOKMARK [2][-]{equation.14}{\376\377\000N\000a\000m\001\033\001\131\000e\000n\000\351\000\040\000h\000o\000d\000n\000o\000t\000y}{table.10}% 35
\BOOKMARK [2][-]{table.11}{\376\377\000Z\000p\000r\000a\000c\000o\000v\000a\000n\000\351\000\040\000v\000\375\000s\000l\000e\000d\000k\000y\000\040\000m\001\033\001\131\000e\000n\000\355}{table.10}% 36
\BOOKMARK [2][-]{table.12}{\376\377\000Z\000\341\000v\001\033\000r}{table.10}% 37
\BOOKMARK [1][-]{table.12}{\376\377\000Z\000\341\000v\001\033\000r}{}% 38
\BOOKMARK [1][-]{table.12}{\376\377\000S\000e\000z\000n\000a\000m\000\040\000p\000o\000u\001\176\000i\000t\000\375\000c\000h\000\040\000p\001\131\000\355\000s\000t\000r\000o\000j\001\157}{}% 39
